  DrawingCanvas.cpp
C:\Users\MAC_LENOVO\source\repos\MyPaint\Node.h(43,2): warning C4002: too many arguments for function-like macro invocation 'assert'
C:\Users\MAC_LENOVO\source\repos\MyPaint\Node.h(61,2): warning C4002: too many arguments for function-like macro invocation 'assert'
C:\Users\MAC_LENOVO\source\repos\MyPaint\Node.h(62,2): warning C4002: too many arguments for function-like macro invocation 'assert'
  Editor.cpp
  EditorDraw.cpp
C:\Users\MAC_LENOVO\source\repos\MyPaint\Node.h(43,2): warning C4002: too many arguments for function-like macro invocation 'assert'
C:\Users\MAC_LENOVO\source\repos\MyPaint\Node.h(61,2): warning C4002: too many arguments for function-like macro invocation 'assert'
C:\Users\MAC_LENOVO\source\repos\MyPaint\Node.h(62,2): warning C4002: too many arguments for function-like macro invocation 'assert'
  EditorMouse.cpp
  Layer.cpp
C:\Users\MAC_LENOVO\source\repos\MyPaint\Node.h(43,2): warning C4002: too many arguments for function-like macro invocation 'assert'
C:\Users\MAC_LENOVO\source\repos\MyPaint\Node.h(61,2): warning C4002: too many arguments for function-like macro invocation 'assert'
C:\Users\MAC_LENOVO\source\repos\MyPaint\Node.h(62,2): warning C4002: too many arguments for function-like macro invocation 'assert'
  MyFrame.cpp
C:\Users\MAC_LENOVO\source\repos\MyPaint\Node.h(43,2): warning C4002: too many arguments for function-like macro invocation 'assert'
C:\Users\MAC_LENOVO\source\repos\MyPaint\Node.h(61,2): warning C4002: too many arguments for function-like macro invocation 'assert'
C:\Users\MAC_LENOVO\source\repos\MyPaint\Node.h(62,2): warning C4002: too many arguments for function-like macro invocation 'assert'
  Panel.cpp
C:\Users\MAC_LENOVO\source\repos\MyPaint\Node.h(43,2): warning C4002: too many arguments for function-like macro invocation 'assert'
C:\Users\MAC_LENOVO\source\repos\MyPaint\Node.h(61,2): warning C4002: too many arguments for function-like macro invocation 'assert'
C:\Users\MAC_LENOVO\source\repos\MyPaint\Node.h(62,2): warning C4002: too many arguments for function-like macro invocation 'assert'
  Path.cpp
  SelectionBox.cpp
  main.cpp
C:\Users\MAC_LENOVO\source\repos\MyPaint\Node.h(43,2): warning C4002: too many arguments for function-like macro invocation 'assert'
C:\Users\MAC_LENOVO\source\repos\MyPaint\Node.h(61,2): warning C4002: too many arguments for function-like macro invocation 'assert'
C:\Users\MAC_LENOVO\source\repos\MyPaint\Node.h(62,2): warning C4002: too many arguments for function-like macro invocation 'assert'
  Generating code
  22 of 769 functions ( 2.9%) were compiled, the rest were copied from previous compilation.
    1 functions were new in current compilation
    9 functions had inline decision re-evaluated but remain unchanged
  Finished generating code
  MyPaint.vcxproj -> C:\Users\MAC_LENOVO\source\repos\MyPaint\x64\Release\MyPaint.exe
